

Version:	3.50
CmdLine:	A:\Diplom\Org-Tech.exe --l4j-debug
JNI:		No
WOW64:		Yes
Working dir:	A:\Diplom\.
Requires JDK:	No
Requires 64-Bit: No
Java min ver:	1.008.000
Java max ver:	
Substitute:	JAVA_HOME = C:\Program Files\jdk-17.0.2+8
Substitute:	PATH = C:\Program Files\BellSoft\LibericaJDK-17\bin\;C:\Program Files\Common Files\Oracle\Java\javapath;C:\WINDOWS\system32;C:\WINDOWS;C:\WINDOWS\System32\Wbem;C:\WINDOWS\System32\WindowsPowerShell\v1.0\;C:\WINDOWS\System32\OpenSSH\;C:\Program Files (x86)\NVIDIA Corporation\PhysX\Common;C:\WINDOWS\system32;C:\WINDOWS;C:\WINDOWS\System32\Wbem;C:\WINDOWS\System32\WindowsPowerShell\v1.0\;C:\WINDOWS\System32\OpenSSH\;C:\Program Files\Microsoft SQL Server\Client SDK\ODBC\170\Tools\Binn\;C:\Program Files\dotnet\;C:\Program Files\Common Files\Autodesk Shared\;C:\Program Files (x86)\Autodesk\Backburner\;C:\Program Files\Git\cmd;C:\Program Files\BellSoft\LibericaJDK-17\\bin;A:\javaStudy\apache-maven-3.9.3\bin;;C:\Program Files\Docker\Docker\resources\bin;C:\Program Files (x86)\Microsoft SQL Server\150\Tools\Binn\;C:\Program Files\Microsoft SQL Server\150\Tools\Binn\;C:\Program Files\Microsoft SQL Server\150\DTS\Binn\;C:\Program Files\Azure Data Studio\bin;C:\Program Files (x86)\Microsoft SQL Server\160\DTS\Binn\;C:\Users\vladm\AppData\Local\Programs\Python\Python39\Scripts\;C:\Users\vladm\AppData\Local\Programs\Python\Python39\;C:\Users\vladm\AppData\Local\Microsoft\WindowsApps;C:\Users\vladm\.dotnet\tools;A:\вижуал студио код\Microsoft VS Code\bin;C:\Program Files\Azure Data Studio\bin;C:\Program Files\BellSoft\LibericaJDK-17\\bin
JRE paths:	C:\Program Files\jdk-17.0.2+8;C:\Program Files\BellSoft\LibericaJDK-17\bin\;C:\Program Files\Common Files\Oracle\Java\javapath;C:\WINDOWS\system32;C:\WINDOWS;C:\WINDOWS\System32\Wbem;C:\WINDOWS\System32\WindowsPowerShell\v1.0\;C:\WINDOWS\System32\OpenSSH\;C:\Program Files (x86)\NVIDIA Corporation\PhysX\Common;C:\WINDOWS\system32;C:\WINDOWS;C:\WINDOWS\System32\Wbem;C:\WINDOWS\System32\WindowsPowerShell\v1.0\;C:\WINDOWS\System32\OpenSSH\;C:\Program Files\Microsoft SQL Server\Client SDK\ODBC\170\Tools\Binn\;C:\Program Files\dotnet\;C:\Program Files\Common Files\Autodesk Shared\;C:\Program Files (x86)\Autodesk\Backburner\;C:\Program Files\Git\cmd;C:\Program Files\BellSoft\LibericaJDK-17\\bin;A:\javaStudy\apache-maven-3.9.3\bin;;C:\Program Files\Docker\Docker\resources\bin;C:\Program Files (x86)\Microsoft SQL Server\150\Tools\Binn\;C:\Program Files\Microsoft SQL Server\150\Tools\Binn\;C:\Program Files\Microsoft SQL Server\150\DTS\Binn\;C:\Program Files\Azure Data Studio\bin;C:\Program Files (x86)\Microsoft SQL Server\160\DTS\Binn\;C:\Users\vladm\AppData\Local\Programs\Python\Python39\Scripts\;C:\Users\vladm\AppData\Local\Programs\Python\Python39\;C:\Users\vladm\AppData\Local\Microsoft\WindowsApps;C:\Users\vladm\.dotnet\tools;A:\вижуал студио код\Microsoft VS Code\bin;C:\Program Files\Azure Data Studio\bin;C:\Program Files\BellSoft\LibericaJDK-17\\bin
Check launcher:	C:\Program Files\jdk-17.0.2+8\bin\javaw.exe (not found)
Check launcher:	C:\Program Files\BellSoft\LibericaJDK-17\bin\bin\javaw.exe (not found)
Check launcher:	C:\Program Files\Common Files\Oracle\Java\javapath\bin\javaw.exe (not found)
Check launcher:	C:\WINDOWS\system32\bin\javaw.exe (not found)
Check launcher:	C:\WINDOWS\bin\javaw.exe (not found)
Check launcher:	C:\WINDOWS\System32\Wbem\bin\javaw.exe (not found)
Check launcher:	C:\WINDOWS\System32\WindowsPowerShell\v1.0\bin\javaw.exe (not found)
Check launcher:	C:\WINDOWS\System32\OpenSSH\bin\javaw.exe (not found)
Check launcher:	C:\Program Files (x86)\NVIDIA Corporation\PhysX\Common\bin\javaw.exe (not found)
Check launcher:	C:\WINDOWS\system32\bin\javaw.exe (not found)
Check launcher:	C:\WINDOWS\bin\javaw.exe (not found)
Check launcher:	C:\WINDOWS\System32\Wbem\bin\javaw.exe (not found)
Check launcher:	C:\WINDOWS\System32\WindowsPowerShell\v1.0\bin\javaw.exe (not found)
Check launcher:	C:\WINDOWS\System32\OpenSSH\bin\javaw.exe (not found)
Check launcher:	C:\Program Files\Microsoft SQL Server\Client SDK\ODBC\170\Tools\Binn\bin\javaw.exe (not found)
Check launcher:	C:\Program Files\dotnet\bin\javaw.exe (not found)
Check launcher:	C:\Program Files\Common Files\Autodesk Shared\bin\javaw.exe (not found)
Check launcher:	C:\Program Files (x86)\Autodesk\Backburner\bin\javaw.exe (not found)
Check launcher:	C:\Program Files\Git\cmd\bin\javaw.exe (not found)
Check launcher:	C:\Program Files\BellSoft\LibericaJDK-17\bin\javaw.exe (OK)
Version string: 1.017.000_007 / 64-Bit (OK)
Main class:	project.orgtech.StartApplication
Add classpath:	C:\qwe\javafx.base.jar
Add classpath:	C:\qwe\javafx.controls.jar
Add classpath:	C:\qwe\javafx.fxml.jar
Add classpath:	C:\qwe\javafx.graphics.jar
Add classpath:	C:\qwe\javafx.media.jar
Add classpath:	C:\qwe\javafx.swing.jar
Add classpath:	C:\qwe\javafx.web.jar
Launcher:	C:\Program Files\BellSoft\LibericaJDK-17\bin\javaw.exe
Launcher args:	--module-path "?:\qwe" --add-modules=javafx.controls,javafx.fxml -classpath "A:\Diplom\Org-Tech.exe;C:\qwe\javafx.base.jar;C:\qwe\javafx.controls.jar;C:\qwe\javafx.fxml.jar;C:\qwe\javafx.graphics.jar;C:\qwe\javafx.media.jar;C:\qwe\javafx.swing.jar;C:\qwe\javafx.web.jar" project.orgtech.StartApplication
Args length:	303/32768 chars
Exit code:	0


Version:	3.50
CmdLine:	A:\Diplom\Org-Tech.exe --l4j-debug
JNI:		No
WOW64:		Yes
Working dir:	A:\Diplom\.
Requires JDK:	No
Requires 64-Bit: No
Java min ver:	1.008.000
Java max ver:	
Substitute:	JAVA_HOME = C:\Program Files\jdk-17.0.2+8
Substitute:	PATH = C:\Program Files\BellSoft\LibericaJDK-17\bin\;C:\Program Files\Common Files\Oracle\Java\javapath;C:\WINDOWS\system32;C:\WINDOWS;C:\WINDOWS\System32\Wbem;C:\WINDOWS\System32\WindowsPowerShell\v1.0\;C:\WINDOWS\System32\OpenSSH\;C:\Program Files (x86)\NVIDIA Corporation\PhysX\Common;C:\WINDOWS\system32;C:\WINDOWS;C:\WINDOWS\System32\Wbem;C:\WINDOWS\System32\WindowsPowerShell\v1.0\;C:\WINDOWS\System32\OpenSSH\;C:\Program Files\Microsoft SQL Server\Client SDK\ODBC\170\Tools\Binn\;C:\Program Files\dotnet\;C:\Program Files\Common Files\Autodesk Shared\;C:\Program Files (x86)\Autodesk\Backburner\;C:\Program Files\Git\cmd;C:\Program Files\BellSoft\LibericaJDK-17\\bin;A:\javaStudy\apache-maven-3.9.3\bin;;C:\Program Files\Docker\Docker\resources\bin;C:\Program Files (x86)\Microsoft SQL Server\150\Tools\Binn\;C:\Program Files\Microsoft SQL Server\150\Tools\Binn\;C:\Program Files\Microsoft SQL Server\150\DTS\Binn\;C:\Program Files\Azure Data Studio\bin;C:\Program Files (x86)\Microsoft SQL Server\160\DTS\Binn\;C:\Users\vladm\AppData\Local\Programs\Python\Python39\Scripts\;C:\Users\vladm\AppData\Local\Programs\Python\Python39\;C:\Users\vladm\AppData\Local\Microsoft\WindowsApps;C:\Users\vladm\.dotnet\tools;A:\вижуал студио код\Microsoft VS Code\bin;C:\Program Files\Azure Data Studio\bin;C:\Program Files\BellSoft\LibericaJDK-17\\bin
JRE paths:	C:\Program Files\jdk-17.0.2+8;C:\Program Files\BellSoft\LibericaJDK-17\bin\;C:\Program Files\Common Files\Oracle\Java\javapath;C:\WINDOWS\system32;C:\WINDOWS;C:\WINDOWS\System32\Wbem;C:\WINDOWS\System32\WindowsPowerShell\v1.0\;C:\WINDOWS\System32\OpenSSH\;C:\Program Files (x86)\NVIDIA Corporation\PhysX\Common;C:\WINDOWS\system32;C:\WINDOWS;C:\WINDOWS\System32\Wbem;C:\WINDOWS\System32\WindowsPowerShell\v1.0\;C:\WINDOWS\System32\OpenSSH\;C:\Program Files\Microsoft SQL Server\Client SDK\ODBC\170\Tools\Binn\;C:\Program Files\dotnet\;C:\Program Files\Common Files\Autodesk Shared\;C:\Program Files (x86)\Autodesk\Backburner\;C:\Program Files\Git\cmd;C:\Program Files\BellSoft\LibericaJDK-17\\bin;A:\javaStudy\apache-maven-3.9.3\bin;;C:\Program Files\Docker\Docker\resources\bin;C:\Program Files (x86)\Microsoft SQL Server\150\Tools\Binn\;C:\Program Files\Microsoft SQL Server\150\Tools\Binn\;C:\Program Files\Microsoft SQL Server\150\DTS\Binn\;C:\Program Files\Azure Data Studio\bin;C:\Program Files (x86)\Microsoft SQL Server\160\DTS\Binn\;C:\Users\vladm\AppData\Local\Programs\Python\Python39\Scripts\;C:\Users\vladm\AppData\Local\Programs\Python\Python39\;C:\Users\vladm\AppData\Local\Microsoft\WindowsApps;C:\Users\vladm\.dotnet\tools;A:\вижуал студио код\Microsoft VS Code\bin;C:\Program Files\Azure Data Studio\bin;C:\Program Files\BellSoft\LibericaJDK-17\\bin
Check launcher:	C:\Program Files\jdk-17.0.2+8\bin\javaw.exe (not found)
Check launcher:	C:\Program Files\BellSoft\LibericaJDK-17\bin\bin\javaw.exe (not found)
Check launcher:	C:\Program Files\Common Files\Oracle\Java\javapath\bin\javaw.exe (not found)
Check launcher:	C:\WINDOWS\system32\bin\javaw.exe (not found)
Check launcher:	C:\WINDOWS\bin\javaw.exe (not found)
Check launcher:	C:\WINDOWS\System32\Wbem\bin\javaw.exe (not found)
Check launcher:	C:\WINDOWS\System32\WindowsPowerShell\v1.0\bin\javaw.exe (not found)
Check launcher:	C:\WINDOWS\System32\OpenSSH\bin\javaw.exe (not found)
Check launcher:	C:\Program Files (x86)\NVIDIA Corporation\PhysX\Common\bin\javaw.exe (not found)
Check launcher:	C:\WINDOWS\system32\bin\javaw.exe (not found)
Check launcher:	C:\WINDOWS\bin\javaw.exe (not found)
Check launcher:	C:\WINDOWS\System32\Wbem\bin\javaw.exe (not found)
Check launcher:	C:\WINDOWS\System32\WindowsPowerShell\v1.0\bin\javaw.exe (not found)
Check launcher:	C:\WINDOWS\System32\OpenSSH\bin\javaw.exe (not found)
Check launcher:	C:\Program Files\Microsoft SQL Server\Client SDK\ODBC\170\Tools\Binn\bin\javaw.exe (not found)
Check launcher:	C:\Program Files\dotnet\bin\javaw.exe (not found)
Check launcher:	C:\Program Files\Common Files\Autodesk Shared\bin\javaw.exe (not found)
Check launcher:	C:\Program Files (x86)\Autodesk\Backburner\bin\javaw.exe (not found)
Check launcher:	C:\Program Files\Git\cmd\bin\javaw.exe (not found)
Check launcher:	C:\Program Files\BellSoft\LibericaJDK-17\bin\javaw.exe (OK)
Version string: 1.017.000_007 / 64-Bit (OK)
Main class:	project.orgtech.StartApplication
Add classpath:	C:\qwe\javafx.base.jar
Add classpath:	C:\qwe\javafx.controls.jar
Add classpath:	C:\qwe\javafx.fxml.jar
Add classpath:	C:\qwe\javafx.graphics.jar
Add classpath:	C:\qwe\javafx.media.jar
Add classpath:	C:\qwe\javafx.swing.jar
Add classpath:	C:\qwe\javafx.web.jar
Launcher:	C:\Program Files\BellSoft\LibericaJDK-17\bin\javaw.exe
Launcher args:	--module-path "?:\qwe" --add-modules=javafx.controls,javafx.fxml -classpath "A:\Diplom\Org-Tech.exe;C:\qwe\javafx.base.jar;C:\qwe\javafx.controls.jar;C:\qwe\javafx.fxml.jar;C:\qwe\javafx.graphics.jar;C:\qwe\javafx.media.jar;C:\qwe\javafx.swing.jar;C:\qwe\javafx.web.jar" project.orgtech.StartApplication
Args length:	303/32768 chars
Exit code:	0


Version:	3.50
CmdLine:	A:\Diplom\Org-Tech.exe --l4j-debug
JNI:		No
WOW64:		Yes
Working dir:	A:\Diplom\.
Requires JDK:	No
Requires 64-Bit: No
Java min ver:	1.008.000
Java max ver:	
Substitute:	JAVA_HOME = C:\Program Files\jdk-17.0.2+8
Substitute:	PATH = C:\Program Files\BellSoft\LibericaJDK-17\bin\;C:\Program Files\Common Files\Oracle\Java\javapath;C:\WINDOWS\system32;C:\WINDOWS;C:\WINDOWS\System32\Wbem;C:\WINDOWS\System32\WindowsPowerShell\v1.0\;C:\WINDOWS\System32\OpenSSH\;C:\Program Files (x86)\NVIDIA Corporation\PhysX\Common;C:\WINDOWS\system32;C:\WINDOWS;C:\WINDOWS\System32\Wbem;C:\WINDOWS\System32\WindowsPowerShell\v1.0\;C:\WINDOWS\System32\OpenSSH\;C:\Program Files\Microsoft SQL Server\Client SDK\ODBC\170\Tools\Binn\;C:\Program Files\dotnet\;C:\Program Files\Common Files\Autodesk Shared\;C:\Program Files (x86)\Autodesk\Backburner\;C:\Program Files\Git\cmd;C:\Program Files\BellSoft\LibericaJDK-17\\bin;A:\javaStudy\apache-maven-3.9.3\bin;;C:\Program Files\Docker\Docker\resources\bin;C:\Program Files (x86)\Microsoft SQL Server\150\Tools\Binn\;C:\Program Files\Microsoft SQL Server\150\Tools\Binn\;C:\Program Files\Microsoft SQL Server\150\DTS\Binn\;C:\Program Files\Azure Data Studio\bin;C:\Program Files (x86)\Microsoft SQL Server\160\DTS\Binn\;C:\Users\vladm\AppData\Local\Programs\Python\Python39\Scripts\;C:\Users\vladm\AppData\Local\Programs\Python\Python39\;C:\Users\vladm\AppData\Local\Microsoft\WindowsApps;C:\Users\vladm\.dotnet\tools;A:\вижуал студио код\Microsoft VS Code\bin;C:\Program Files\Azure Data Studio\bin;C:\Program Files\BellSoft\LibericaJDK-17\\bin
JRE paths:	C:\Program Files\jdk-17.0.2+8;C:\Program Files\BellSoft\LibericaJDK-17\bin\;C:\Program Files\Common Files\Oracle\Java\javapath;C:\WINDOWS\system32;C:\WINDOWS;C:\WINDOWS\System32\Wbem;C:\WINDOWS\System32\WindowsPowerShell\v1.0\;C:\WINDOWS\System32\OpenSSH\;C:\Program Files (x86)\NVIDIA Corporation\PhysX\Common;C:\WINDOWS\system32;C:\WINDOWS;C:\WINDOWS\System32\Wbem;C:\WINDOWS\System32\WindowsPowerShell\v1.0\;C:\WINDOWS\System32\OpenSSH\;C:\Program Files\Microsoft SQL Server\Client SDK\ODBC\170\Tools\Binn\;C:\Program Files\dotnet\;C:\Program Files\Common Files\Autodesk Shared\;C:\Program Files (x86)\Autodesk\Backburner\;C:\Program Files\Git\cmd;C:\Program Files\BellSoft\LibericaJDK-17\\bin;A:\javaStudy\apache-maven-3.9.3\bin;;C:\Program Files\Docker\Docker\resources\bin;C:\Program Files (x86)\Microsoft SQL Server\150\Tools\Binn\;C:\Program Files\Microsoft SQL Server\150\Tools\Binn\;C:\Program Files\Microsoft SQL Server\150\DTS\Binn\;C:\Program Files\Azure Data Studio\bin;C:\Program Files (x86)\Microsoft SQL Server\160\DTS\Binn\;C:\Users\vladm\AppData\Local\Programs\Python\Python39\Scripts\;C:\Users\vladm\AppData\Local\Programs\Python\Python39\;C:\Users\vladm\AppData\Local\Microsoft\WindowsApps;C:\Users\vladm\.dotnet\tools;A:\вижуал студио код\Microsoft VS Code\bin;C:\Program Files\Azure Data Studio\bin;C:\Program Files\BellSoft\LibericaJDK-17\\bin
Check launcher:	C:\Program Files\jdk-17.0.2+8\bin\javaw.exe (not found)
Check launcher:	C:\Program Files\BellSoft\LibericaJDK-17\bin\bin\javaw.exe (not found)
Check launcher:	C:\Program Files\Common Files\Oracle\Java\javapath\bin\javaw.exe (not found)
Check launcher:	C:\WINDOWS\system32\bin\javaw.exe (not found)
Check launcher:	C:\WINDOWS\bin\javaw.exe (not found)
Check launcher:	C:\WINDOWS\System32\Wbem\bin\javaw.exe (not found)
Check launcher:	C:\WINDOWS\System32\WindowsPowerShell\v1.0\bin\javaw.exe (not found)
Check launcher:	C:\WINDOWS\System32\OpenSSH\bin\javaw.exe (not found)
Check launcher:	C:\Program Files (x86)\NVIDIA Corporation\PhysX\Common\bin\javaw.exe (not found)
Check launcher:	C:\WINDOWS\system32\bin\javaw.exe (not found)
Check launcher:	C:\WINDOWS\bin\javaw.exe (not found)
Check launcher:	C:\WINDOWS\System32\Wbem\bin\javaw.exe (not found)
Check launcher:	C:\WINDOWS\System32\WindowsPowerShell\v1.0\bin\javaw.exe (not found)
Check launcher:	C:\WINDOWS\System32\OpenSSH\bin\javaw.exe (not found)
Check launcher:	C:\Program Files\Microsoft SQL Server\Client SDK\ODBC\170\Tools\Binn\bin\javaw.exe (not found)
Check launcher:	C:\Program Files\dotnet\bin\javaw.exe (not found)
Check launcher:	C:\Program Files\Common Files\Autodesk Shared\bin\javaw.exe (not found)
Check launcher:	C:\Program Files (x86)\Autodesk\Backburner\bin\javaw.exe (not found)
Check launcher:	C:\Program Files\Git\cmd\bin\javaw.exe (not found)
Check launcher:	C:\Program Files\BellSoft\LibericaJDK-17\bin\javaw.exe (OK)
Version string: 1.017.000_007 / 64-Bit (OK)
Main class:	project.orgtech.StartApplication
Add classpath:	C:\qwe\javafx.base.jar
Add classpath:	C:\qwe\javafx.controls.jar
Add classpath:	C:\qwe\javafx.fxml.jar
Add classpath:	C:\qwe\javafx.graphics.jar
Add classpath:	C:\qwe\javafx.media.jar
Add classpath:	C:\qwe\javafx.swing.jar
Add classpath:	C:\qwe\javafx.web.jar
Launcher:	C:\Program Files\BellSoft\LibericaJDK-17\bin\javaw.exe
Launcher args:	--module-path "?:\qwe" --add-modules=javafx.controls,javafx.fxml -classpath "A:\Diplom\Org-Tech.exe;C:\qwe\javafx.base.jar;C:\qwe\javafx.controls.jar;C:\qwe\javafx.fxml.jar;C:\qwe\javafx.graphics.jar;C:\qwe\javafx.media.jar;C:\qwe\javafx.swing.jar;C:\qwe\javafx.web.jar" project.orgtech.StartApplication
Args length:	303/32768 chars
Exit code:	0


Version:	3.50
CmdLine:	A:\Diplom\Org-Tech.exe --l4j-debug
JNI:		No
WOW64:		Yes
Working dir:	A:\Diplom\.
Requires JDK:	No
Requires 64-Bit: No
Java min ver:	1.008.000
Java max ver:	
Substitute:	JAVA_HOME = C:\Program Files\jdk-17.0.2+8
Substitute:	PATH = C:\Program Files\BellSoft\LibericaJDK-17\bin\;C:\Program Files\Common Files\Oracle\Java\javapath;C:\WINDOWS\system32;C:\WINDOWS;C:\WINDOWS\System32\Wbem;C:\WINDOWS\System32\WindowsPowerShell\v1.0\;C:\WINDOWS\System32\OpenSSH\;C:\Program Files (x86)\NVIDIA Corporation\PhysX\Common;C:\WINDOWS\system32;C:\WINDOWS;C:\WINDOWS\System32\Wbem;C:\WINDOWS\System32\WindowsPowerShell\v1.0\;C:\WINDOWS\System32\OpenSSH\;C:\Program Files\Microsoft SQL Server\Client SDK\ODBC\170\Tools\Binn\;C:\Program Files\dotnet\;C:\Program Files\Common Files\Autodesk Shared\;C:\Program Files (x86)\Autodesk\Backburner\;C:\Program Files\Git\cmd;C:\Program Files\BellSoft\LibericaJDK-17\\bin;A:\javaStudy\apache-maven-3.9.3\bin;;C:\Program Files\Docker\Docker\resources\bin;C:\Program Files (x86)\Microsoft SQL Server\150\Tools\Binn\;C:\Program Files\Microsoft SQL Server\150\Tools\Binn\;C:\Program Files\Microsoft SQL Server\150\DTS\Binn\;C:\Program Files\Azure Data Studio\bin;C:\Program Files (x86)\Microsoft SQL Server\160\DTS\Binn\;C:\Users\vladm\AppData\Local\Programs\Python\Python39\Scripts\;C:\Users\vladm\AppData\Local\Programs\Python\Python39\;C:\Users\vladm\AppData\Local\Microsoft\WindowsApps;C:\Users\vladm\.dotnet\tools;A:\вижуал студио код\Microsoft VS Code\bin;C:\Program Files\Azure Data Studio\bin;C:\Program Files\BellSoft\LibericaJDK-17\\bin
JRE paths:	C:\Program Files\jdk-17.0.2+8;C:\Program Files\BellSoft\LibericaJDK-17\bin\;C:\Program Files\Common Files\Oracle\Java\javapath;C:\WINDOWS\system32;C:\WINDOWS;C:\WINDOWS\System32\Wbem;C:\WINDOWS\System32\WindowsPowerShell\v1.0\;C:\WINDOWS\System32\OpenSSH\;C:\Program Files (x86)\NVIDIA Corporation\PhysX\Common;C:\WINDOWS\system32;C:\WINDOWS;C:\WINDOWS\System32\Wbem;C:\WINDOWS\System32\WindowsPowerShell\v1.0\;C:\WINDOWS\System32\OpenSSH\;C:\Program Files\Microsoft SQL Server\Client SDK\ODBC\170\Tools\Binn\;C:\Program Files\dotnet\;C:\Program Files\Common Files\Autodesk Shared\;C:\Program Files (x86)\Autodesk\Backburner\;C:\Program Files\Git\cmd;C:\Program Files\BellSoft\LibericaJDK-17\\bin;A:\javaStudy\apache-maven-3.9.3\bin;;C:\Program Files\Docker\Docker\resources\bin;C:\Program Files (x86)\Microsoft SQL Server\150\Tools\Binn\;C:\Program Files\Microsoft SQL Server\150\Tools\Binn\;C:\Program Files\Microsoft SQL Server\150\DTS\Binn\;C:\Program Files\Azure Data Studio\bin;C:\Program Files (x86)\Microsoft SQL Server\160\DTS\Binn\;C:\Users\vladm\AppData\Local\Programs\Python\Python39\Scripts\;C:\Users\vladm\AppData\Local\Programs\Python\Python39\;C:\Users\vladm\AppData\Local\Microsoft\WindowsApps;C:\Users\vladm\.dotnet\tools;A:\вижуал студио код\Microsoft VS Code\bin;C:\Program Files\Azure Data Studio\bin;C:\Program Files\BellSoft\LibericaJDK-17\\bin
Check launcher:	C:\Program Files\jdk-17.0.2+8\bin\javaw.exe (not found)
Check launcher:	C:\Program Files\BellSoft\LibericaJDK-17\bin\bin\javaw.exe (not found)
Check launcher:	C:\Program Files\Common Files\Oracle\Java\javapath\bin\javaw.exe (not found)
Check launcher:	C:\WINDOWS\system32\bin\javaw.exe (not found)
Check launcher:	C:\WINDOWS\bin\javaw.exe (not found)
Check launcher:	C:\WINDOWS\System32\Wbem\bin\javaw.exe (not found)
Check launcher:	C:\WINDOWS\System32\WindowsPowerShell\v1.0\bin\javaw.exe (not found)
Check launcher:	C:\WINDOWS\System32\OpenSSH\bin\javaw.exe (not found)
Check launcher:	C:\Program Files (x86)\NVIDIA Corporation\PhysX\Common\bin\javaw.exe (not found)
Check launcher:	C:\WINDOWS\system32\bin\javaw.exe (not found)
Check launcher:	C:\WINDOWS\bin\javaw.exe (not found)
Check launcher:	C:\WINDOWS\System32\Wbem\bin\javaw.exe (not found)
Check launcher:	C:\WINDOWS\System32\WindowsPowerShell\v1.0\bin\javaw.exe (not found)
Check launcher:	C:\WINDOWS\System32\OpenSSH\bin\javaw.exe (not found)
Check launcher:	C:\Program Files\Microsoft SQL Server\Client SDK\ODBC\170\Tools\Binn\bin\javaw.exe (not found)
Check launcher:	C:\Program Files\dotnet\bin\javaw.exe (not found)
Check launcher:	C:\Program Files\Common Files\Autodesk Shared\bin\javaw.exe (not found)
Check launcher:	C:\Program Files (x86)\Autodesk\Backburner\bin\javaw.exe (not found)
Check launcher:	C:\Program Files\Git\cmd\bin\javaw.exe (not found)
Check launcher:	C:\Program Files\BellSoft\LibericaJDK-17\bin\javaw.exe (OK)
Version string: 1.017.000_007 / 64-Bit (OK)
Main class:	project.orgtech.StartApplication
Add classpath:	C:\qwe\javafx.base.jar
Add classpath:	C:\qwe\javafx.controls.jar
Add classpath:	C:\qwe\javafx.fxml.jar
Add classpath:	C:\qwe\javafx.graphics.jar
Add classpath:	C:\qwe\javafx.media.jar
Add classpath:	C:\qwe\javafx.swing.jar
Add classpath:	C:\qwe\javafx.web.jar
Launcher:	C:\Program Files\BellSoft\LibericaJDK-17\bin\javaw.exe
Launcher args:	--module-path "?:\qwe" --add-modules=javafx.controls,javafx.fxml -classpath "A:\Diplom\Org-Tech.exe;C:\qwe\javafx.base.jar;C:\qwe\javafx.controls.jar;C:\qwe\javafx.fxml.jar;C:\qwe\javafx.graphics.jar;C:\qwe\javafx.media.jar;C:\qwe\javafx.swing.jar;C:\qwe\javafx.web.jar" project.orgtech.StartApplication
Args length:	303/32768 chars
Exit code:	0


Version:	3.50
CmdLine:	A:\Diplom\Org-Tech.exe --l4j-debug
JNI:		No
WOW64:		Yes
Working dir:	A:\Diplom\.
Requires JDK:	No
Requires 64-Bit: No
Java min ver:	1.008.000
Java max ver:	
Substitute:	JAVA_HOME = C:\Program Files\jdk-17.0.2+8
Substitute:	PATH = C:\Program Files\BellSoft\LibericaJDK-17\bin\;C:\Program Files\Common Files\Oracle\Java\javapath;C:\WINDOWS\system32;C:\WINDOWS;C:\WINDOWS\System32\Wbem;C:\WINDOWS\System32\WindowsPowerShell\v1.0\;C:\WINDOWS\System32\OpenSSH\;C:\Program Files (x86)\NVIDIA Corporation\PhysX\Common;C:\WINDOWS\system32;C:\WINDOWS;C:\WINDOWS\System32\Wbem;C:\WINDOWS\System32\WindowsPowerShell\v1.0\;C:\WINDOWS\System32\OpenSSH\;C:\Program Files\Microsoft SQL Server\Client SDK\ODBC\170\Tools\Binn\;C:\Program Files\dotnet\;C:\Program Files\Common Files\Autodesk Shared\;C:\Program Files (x86)\Autodesk\Backburner\;C:\Program Files\Git\cmd;C:\Program Files\BellSoft\LibericaJDK-17\\bin;A:\javaStudy\apache-maven-3.9.3\bin;;C:\Program Files\Docker\Docker\resources\bin;C:\Program Files (x86)\Microsoft SQL Server\150\Tools\Binn\;C:\Program Files\Microsoft SQL Server\150\Tools\Binn\;C:\Program Files\Microsoft SQL Server\150\DTS\Binn\;C:\Program Files\Azure Data Studio\bin;C:\Program Files (x86)\Microsoft SQL Server\160\DTS\Binn\;C:\Users\vladm\AppData\Local\Programs\Python\Python39\Scripts\;C:\Users\vladm\AppData\Local\Programs\Python\Python39\;C:\Users\vladm\AppData\Local\Microsoft\WindowsApps;C:\Users\vladm\.dotnet\tools;A:\вижуал студио код\Microsoft VS Code\bin;C:\Program Files\Azure Data Studio\bin;C:\Program Files\BellSoft\LibericaJDK-17\\bin
JRE paths:	C:\Program Files\jdk-17.0.2+8;C:\Program Files\BellSoft\LibericaJDK-17\bin\;C:\Program Files\Common Files\Oracle\Java\javapath;C:\WINDOWS\system32;C:\WINDOWS;C:\WINDOWS\System32\Wbem;C:\WINDOWS\System32\WindowsPowerShell\v1.0\;C:\WINDOWS\System32\OpenSSH\;C:\Program Files (x86)\NVIDIA Corporation\PhysX\Common;C:\WINDOWS\system32;C:\WINDOWS;C:\WINDOWS\System32\Wbem;C:\WINDOWS\System32\WindowsPowerShell\v1.0\;C:\WINDOWS\System32\OpenSSH\;C:\Program Files\Microsoft SQL Server\Client SDK\ODBC\170\Tools\Binn\;C:\Program Files\dotnet\;C:\Program Files\Common Files\Autodesk Shared\;C:\Program Files (x86)\Autodesk\Backburner\;C:\Program Files\Git\cmd;C:\Program Files\BellSoft\LibericaJDK-17\\bin;A:\javaStudy\apache-maven-3.9.3\bin;;C:\Program Files\Docker\Docker\resources\bin;C:\Program Files (x86)\Microsoft SQL Server\150\Tools\Binn\;C:\Program Files\Microsoft SQL Server\150\Tools\Binn\;C:\Program Files\Microsoft SQL Server\150\DTS\Binn\;C:\Program Files\Azure Data Studio\bin;C:\Program Files (x86)\Microsoft SQL Server\160\DTS\Binn\;C:\Users\vladm\AppData\Local\Programs\Python\Python39\Scripts\;C:\Users\vladm\AppData\Local\Programs\Python\Python39\;C:\Users\vladm\AppData\Local\Microsoft\WindowsApps;C:\Users\vladm\.dotnet\tools;A:\вижуал студио код\Microsoft VS Code\bin;C:\Program Files\Azure Data Studio\bin;C:\Program Files\BellSoft\LibericaJDK-17\\bin
Check launcher:	C:\Program Files\jdk-17.0.2+8\bin\javaw.exe (not found)
Check launcher:	C:\Program Files\BellSoft\LibericaJDK-17\bin\bin\javaw.exe (not found)
Check launcher:	C:\Program Files\Common Files\Oracle\Java\javapath\bin\javaw.exe (not found)
Check launcher:	C:\WINDOWS\system32\bin\javaw.exe (not found)
Check launcher:	C:\WINDOWS\bin\javaw.exe (not found)
Check launcher:	C:\WINDOWS\System32\Wbem\bin\javaw.exe (not found)
Check launcher:	C:\WINDOWS\System32\WindowsPowerShell\v1.0\bin\javaw.exe (not found)
Check launcher:	C:\WINDOWS\System32\OpenSSH\bin\javaw.exe (not found)
Check launcher:	C:\Program Files (x86)\NVIDIA Corporation\PhysX\Common\bin\javaw.exe (not found)
Check launcher:	C:\WINDOWS\system32\bin\javaw.exe (not found)
Check launcher:	C:\WINDOWS\bin\javaw.exe (not found)
Check launcher:	C:\WINDOWS\System32\Wbem\bin\javaw.exe (not found)
Check launcher:	C:\WINDOWS\System32\WindowsPowerShell\v1.0\bin\javaw.exe (not found)
Check launcher:	C:\WINDOWS\System32\OpenSSH\bin\javaw.exe (not found)
Check launcher:	C:\Program Files\Microsoft SQL Server\Client SDK\ODBC\170\Tools\Binn\bin\javaw.exe (not found)
Check launcher:	C:\Program Files\dotnet\bin\javaw.exe (not found)
Check launcher:	C:\Program Files\Common Files\Autodesk Shared\bin\javaw.exe (not found)
Check launcher:	C:\Program Files (x86)\Autodesk\Backburner\bin\javaw.exe (not found)
Check launcher:	C:\Program Files\Git\cmd\bin\javaw.exe (not found)
Check launcher:	C:\Program Files\BellSoft\LibericaJDK-17\bin\javaw.exe (OK)
Version string: 1.017.000_007 / 64-Bit (OK)
Main class:	project.orgtech.StartApplication
Add classpath:	C:\qwe\javafx.base.jar
Add classpath:	C:\qwe\javafx.controls.jar
Add classpath:	C:\qwe\javafx.fxml.jar
Add classpath:	C:\qwe\javafx.graphics.jar
Add classpath:	C:\qwe\javafx.media.jar
Add classpath:	C:\qwe\javafx.swing.jar
Add classpath:	C:\qwe\javafx.web.jar
Launcher:	C:\Program Files\BellSoft\LibericaJDK-17\bin\javaw.exe
Launcher args:	--module-path "?:\qwe" --add-modules=javafx.controls,javafx.fxml -classpath "A:\Diplom\Org-Tech.exe;C:\qwe\javafx.base.jar;C:\qwe\javafx.controls.jar;C:\qwe\javafx.fxml.jar;C:\qwe\javafx.graphics.jar;C:\qwe\javafx.media.jar;C:\qwe\javafx.swing.jar;C:\qwe\javafx.web.jar" project.orgtech.StartApplication
Args length:	303/32768 chars
Exit code:	0


Version:	3.50
CmdLine:	A:\Diplom\Org-Tech.exe --l4j-debug
JNI:		No
WOW64:		Yes
Working dir:	A:\Diplom\.
Requires JDK:	No
Requires 64-Bit: No
Java min ver:	1.008.000
Java max ver:	
Substitute:	JAVA_HOME = C:\Program Files\jdk-17.0.2+8
Substitute:	PATH = C:\Program Files\BellSoft\LibericaJDK-17\bin\;C:\Program Files\Common Files\Oracle\Java\javapath;C:\WINDOWS\system32;C:\WINDOWS;C:\WINDOWS\System32\Wbem;C:\WINDOWS\System32\WindowsPowerShell\v1.0\;C:\WINDOWS\System32\OpenSSH\;C:\Program Files (x86)\NVIDIA Corporation\PhysX\Common;C:\WINDOWS\system32;C:\WINDOWS;C:\WINDOWS\System32\Wbem;C:\WINDOWS\System32\WindowsPowerShell\v1.0\;C:\WINDOWS\System32\OpenSSH\;C:\Program Files\Microsoft SQL Server\Client SDK\ODBC\170\Tools\Binn\;C:\Program Files\dotnet\;C:\Program Files\Common Files\Autodesk Shared\;C:\Program Files (x86)\Autodesk\Backburner\;C:\Program Files\Git\cmd;C:\Program Files\BellSoft\LibericaJDK-17\\bin;A:\javaStudy\apache-maven-3.9.3\bin;;C:\Program Files\Docker\Docker\resources\bin;C:\Program Files (x86)\Microsoft SQL Server\150\Tools\Binn\;C:\Program Files\Microsoft SQL Server\150\Tools\Binn\;C:\Program Files\Microsoft SQL Server\150\DTS\Binn\;C:\Program Files\Azure Data Studio\bin;C:\Program Files (x86)\Microsoft SQL Server\160\DTS\Binn\;C:\Users\vladm\AppData\Local\Programs\Python\Python39\Scripts\;C:\Users\vladm\AppData\Local\Programs\Python\Python39\;C:\Users\vladm\AppData\Local\Microsoft\WindowsApps;C:\Users\vladm\.dotnet\tools;A:\вижуал студио код\Microsoft VS Code\bin;C:\Program Files\Azure Data Studio\bin;C:\Program Files\BellSoft\LibericaJDK-17\\bin
JRE paths:	C:\Program Files\jdk-17.0.2+8;C:\Program Files\BellSoft\LibericaJDK-17\bin\;C:\Program Files\Common Files\Oracle\Java\javapath;C:\WINDOWS\system32;C:\WINDOWS;C:\WINDOWS\System32\Wbem;C:\WINDOWS\System32\WindowsPowerShell\v1.0\;C:\WINDOWS\System32\OpenSSH\;C:\Program Files (x86)\NVIDIA Corporation\PhysX\Common;C:\WINDOWS\system32;C:\WINDOWS;C:\WINDOWS\System32\Wbem;C:\WINDOWS\System32\WindowsPowerShell\v1.0\;C:\WINDOWS\System32\OpenSSH\;C:\Program Files\Microsoft SQL Server\Client SDK\ODBC\170\Tools\Binn\;C:\Program Files\dotnet\;C:\Program Files\Common Files\Autodesk Shared\;C:\Program Files (x86)\Autodesk\Backburner\;C:\Program Files\Git\cmd;C:\Program Files\BellSoft\LibericaJDK-17\\bin;A:\javaStudy\apache-maven-3.9.3\bin;;C:\Program Files\Docker\Docker\resources\bin;C:\Program Files (x86)\Microsoft SQL Server\150\Tools\Binn\;C:\Program Files\Microsoft SQL Server\150\Tools\Binn\;C:\Program Files\Microsoft SQL Server\150\DTS\Binn\;C:\Program Files\Azure Data Studio\bin;C:\Program Files (x86)\Microsoft SQL Server\160\DTS\Binn\;C:\Users\vladm\AppData\Local\Programs\Python\Python39\Scripts\;C:\Users\vladm\AppData\Local\Programs\Python\Python39\;C:\Users\vladm\AppData\Local\Microsoft\WindowsApps;C:\Users\vladm\.dotnet\tools;A:\вижуал студио код\Microsoft VS Code\bin;C:\Program Files\Azure Data Studio\bin;C:\Program Files\BellSoft\LibericaJDK-17\\bin
Check launcher:	C:\Program Files\jdk-17.0.2+8\bin\javaw.exe (not found)
Check launcher:	C:\Program Files\BellSoft\LibericaJDK-17\bin\bin\javaw.exe (not found)
Check launcher:	C:\Program Files\Common Files\Oracle\Java\javapath\bin\javaw.exe (not found)
Check launcher:	C:\WINDOWS\system32\bin\javaw.exe (not found)
Check launcher:	C:\WINDOWS\bin\javaw.exe (not found)
Check launcher:	C:\WINDOWS\System32\Wbem\bin\javaw.exe (not found)
Check launcher:	C:\WINDOWS\System32\WindowsPowerShell\v1.0\bin\javaw.exe (not found)
Check launcher:	C:\WINDOWS\System32\OpenSSH\bin\javaw.exe (not found)
Check launcher:	C:\Program Files (x86)\NVIDIA Corporation\PhysX\Common\bin\javaw.exe (not found)
Check launcher:	C:\WINDOWS\system32\bin\javaw.exe (not found)
Check launcher:	C:\WINDOWS\bin\javaw.exe (not found)
Check launcher:	C:\WINDOWS\System32\Wbem\bin\javaw.exe (not found)
Check launcher:	C:\WINDOWS\System32\WindowsPowerShell\v1.0\bin\javaw.exe (not found)
Check launcher:	C:\WINDOWS\System32\OpenSSH\bin\javaw.exe (not found)
Check launcher:	C:\Program Files\Microsoft SQL Server\Client SDK\ODBC\170\Tools\Binn\bin\javaw.exe (not found)
Check launcher:	C:\Program Files\dotnet\bin\javaw.exe (not found)
Check launcher:	C:\Program Files\Common Files\Autodesk Shared\bin\javaw.exe (not found)
Check launcher:	C:\Program Files (x86)\Autodesk\Backburner\bin\javaw.exe (not found)
Check launcher:	C:\Program Files\Git\cmd\bin\javaw.exe (not found)
Check launcher:	C:\Program Files\BellSoft\LibericaJDK-17\bin\javaw.exe (OK)
Version string: 1.017.000_007 / 64-Bit (OK)
Main class:	project.orgtech.StartApplication
Add classpath:	C:\qwe\javafx.base.jar
Add classpath:	C:\qwe\javafx.controls.jar
Add classpath:	C:\qwe\javafx.fxml.jar
Add classpath:	C:\qwe\javafx.graphics.jar
Add classpath:	C:\qwe\javafx.media.jar
Add classpath:	C:\qwe\javafx.swing.jar
Add classpath:	C:\qwe\javafx.web.jar
Launcher:	C:\Program Files\BellSoft\LibericaJDK-17\bin\javaw.exe
Launcher args:	--module-path "?:\qwe" --add-modules=javafx.controls,javafx.fxml -classpath "A:\Diplom\Org-Tech.exe;C:\qwe\javafx.base.jar;C:\qwe\javafx.controls.jar;C:\qwe\javafx.fxml.jar;C:\qwe\javafx.graphics.jar;C:\qwe\javafx.media.jar;C:\qwe\javafx.swing.jar;C:\qwe\javafx.web.jar" project.orgtech.StartApplication
Args length:	303/32768 chars
Exit code:	0


Version:	3.50
CmdLine:	A:\Diplom\Org-Tech.exe --l4j-debug
JNI:		No
WOW64:		Yes
Working dir:	A:\Diplom\.
Requires JDK:	No
Requires 64-Bit: No
Java min ver:	1.008.000
Java max ver:	
Substitute:	JAVA_HOME = C:\Program Files\jdk-17.0.2+8
Substitute:	PATH = C:\Program Files\BellSoft\LibericaJDK-17\bin\;C:\Program Files\Common Files\Oracle\Java\javapath;C:\WINDOWS\system32;C:\WINDOWS;C:\WINDOWS\System32\Wbem;C:\WINDOWS\System32\WindowsPowerShell\v1.0\;C:\WINDOWS\System32\OpenSSH\;C:\Program Files (x86)\NVIDIA Corporation\PhysX\Common;C:\WINDOWS\system32;C:\WINDOWS;C:\WINDOWS\System32\Wbem;C:\WINDOWS\System32\WindowsPowerShell\v1.0\;C:\WINDOWS\System32\OpenSSH\;C:\Program Files\Microsoft SQL Server\Client SDK\ODBC\170\Tools\Binn\;C:\Program Files\dotnet\;C:\Program Files\Common Files\Autodesk Shared\;C:\Program Files (x86)\Autodesk\Backburner\;C:\Program Files\Git\cmd;C:\Program Files\BellSoft\LibericaJDK-17\\bin;A:\javaStudy\apache-maven-3.9.3\bin;;C:\Program Files\Docker\Docker\resources\bin;C:\Program Files (x86)\Microsoft SQL Server\150\Tools\Binn\;C:\Program Files\Microsoft SQL Server\150\Tools\Binn\;C:\Program Files\Microsoft SQL Server\150\DTS\Binn\;C:\Program Files\Azure Data Studio\bin;C:\Program Files (x86)\Microsoft SQL Server\160\DTS\Binn\;C:\Users\vladm\AppData\Local\Programs\Python\Python39\Scripts\;C:\Users\vladm\AppData\Local\Programs\Python\Python39\;C:\Users\vladm\AppData\Local\Microsoft\WindowsApps;C:\Users\vladm\.dotnet\tools;A:\вижуал студио код\Microsoft VS Code\bin;C:\Program Files\Azure Data Studio\bin;C:\Program Files\BellSoft\LibericaJDK-17\\bin
JRE paths:	C:\Program Files\jdk-17.0.2+8;C:\Program Files\BellSoft\LibericaJDK-17\bin\;C:\Program Files\Common Files\Oracle\Java\javapath;C:\WINDOWS\system32;C:\WINDOWS;C:\WINDOWS\System32\Wbem;C:\WINDOWS\System32\WindowsPowerShell\v1.0\;C:\WINDOWS\System32\OpenSSH\;C:\Program Files (x86)\NVIDIA Corporation\PhysX\Common;C:\WINDOWS\system32;C:\WINDOWS;C:\WINDOWS\System32\Wbem;C:\WINDOWS\System32\WindowsPowerShell\v1.0\;C:\WINDOWS\System32\OpenSSH\;C:\Program Files\Microsoft SQL Server\Client SDK\ODBC\170\Tools\Binn\;C:\Program Files\dotnet\;C:\Program Files\Common Files\Autodesk Shared\;C:\Program Files (x86)\Autodesk\Backburner\;C:\Program Files\Git\cmd;C:\Program Files\BellSoft\LibericaJDK-17\\bin;A:\javaStudy\apache-maven-3.9.3\bin;;C:\Program Files\Docker\Docker\resources\bin;C:\Program Files (x86)\Microsoft SQL Server\150\Tools\Binn\;C:\Program Files\Microsoft SQL Server\150\Tools\Binn\;C:\Program Files\Microsoft SQL Server\150\DTS\Binn\;C:\Program Files\Azure Data Studio\bin;C:\Program Files (x86)\Microsoft SQL Server\160\DTS\Binn\;C:\Users\vladm\AppData\Local\Programs\Python\Python39\Scripts\;C:\Users\vladm\AppData\Local\Programs\Python\Python39\;C:\Users\vladm\AppData\Local\Microsoft\WindowsApps;C:\Users\vladm\.dotnet\tools;A:\вижуал студио код\Microsoft VS Code\bin;C:\Program Files\Azure Data Studio\bin;C:\Program Files\BellSoft\LibericaJDK-17\\bin
Check launcher:	C:\Program Files\jdk-17.0.2+8\bin\javaw.exe (not found)
Check launcher:	C:\Program Files\BellSoft\LibericaJDK-17\bin\bin\javaw.exe (not found)
Check launcher:	C:\Program Files\Common Files\Oracle\Java\javapath\bin\javaw.exe (not found)
Check launcher:	C:\WINDOWS\system32\bin\javaw.exe (not found)
Check launcher:	C:\WINDOWS\bin\javaw.exe (not found)
Check launcher:	C:\WINDOWS\System32\Wbem\bin\javaw.exe (not found)
Check launcher:	C:\WINDOWS\System32\WindowsPowerShell\v1.0\bin\javaw.exe (not found)
Check launcher:	C:\WINDOWS\System32\OpenSSH\bin\javaw.exe (not found)
Check launcher:	C:\Program Files (x86)\NVIDIA Corporation\PhysX\Common\bin\javaw.exe (not found)
Check launcher:	C:\WINDOWS\system32\bin\javaw.exe (not found)
Check launcher:	C:\WINDOWS\bin\javaw.exe (not found)
Check launcher:	C:\WINDOWS\System32\Wbem\bin\javaw.exe (not found)
Check launcher:	C:\WINDOWS\System32\WindowsPowerShell\v1.0\bin\javaw.exe (not found)
Check launcher:	C:\WINDOWS\System32\OpenSSH\bin\javaw.exe (not found)
Check launcher:	C:\Program Files\Microsoft SQL Server\Client SDK\ODBC\170\Tools\Binn\bin\javaw.exe (not found)
Check launcher:	C:\Program Files\dotnet\bin\javaw.exe (not found)
Check launcher:	C:\Program Files\Common Files\Autodesk Shared\bin\javaw.exe (not found)
Check launcher:	C:\Program Files (x86)\Autodesk\Backburner\bin\javaw.exe (not found)
Check launcher:	C:\Program Files\Git\cmd\bin\javaw.exe (not found)
Check launcher:	C:\Program Files\BellSoft\LibericaJDK-17\bin\javaw.exe (OK)
Version string: 1.017.000_007 / 64-Bit (OK)
Main class:	project.orgtech.StartApplication
Add classpath:	C:\qwe\javafx.base.jar
Add classpath:	C:\qwe\javafx.controls.jar
Add classpath:	C:\qwe\javafx.fxml.jar
Add classpath:	C:\qwe\javafx.graphics.jar
Add classpath:	C:\qwe\javafx.media.jar
Add classpath:	C:\qwe\javafx.swing.jar
Add classpath:	C:\qwe\javafx.web.jar
Launcher:	C:\Program Files\BellSoft\LibericaJDK-17\bin\javaw.exe
Launcher args:	--module-path "?:\qwe" --add-modules=javafx.controls,javafx.fxml -classpath "A:\Diplom\Org-Tech.exe;C:\qwe\javafx.base.jar;C:\qwe\javafx.controls.jar;C:\qwe\javafx.fxml.jar;C:\qwe\javafx.graphics.jar;C:\qwe\javafx.media.jar;C:\qwe\javafx.swing.jar;C:\qwe\javafx.web.jar" project.orgtech.StartApplication
Args length:	303/32768 chars
Exit code:	0


Version:	3.50
CmdLine:	A:\Diplom\Org-Tech.exe --l4j-debug
JNI:		No
WOW64:		Yes
Working dir:	A:\Diplom\.
Requires JDK:	No
Requires 64-Bit: Yes
Java min ver:	1.008.000
Java max ver:	
JRE paths:	C:\Program Files (x86)\Java\jre-1.8
Check launcher:	C:\Program Files (x86)\Java\jre-1.8\bin\javaw.exe (OK)
Version string: 1.008.000_401 / 32-Bit (Ignore)
64-bit search:	SOFTWARE\JavaSoft\Java Runtime Environment...
64-bit search:	SOFTWARE\JavaSoft\Java Development Kit...
64-bit search:	SOFTWARE\JavaSoft\JRE...
64-bit search:	SOFTWARE\JavaSoft\JDK...
Check:		SOFTWARE\JavaSoft\JDK\17.0.4.1
Warning:	formatJavaVersion() too many parts added.
Version string: 1.017.000_004 / 64-Bit (OK)
Check launcher:	C:\Program Files\Java\jdk-17.0.4.1\bin\javaw.exe (OK)
Match:		1.017.000_004
Runtime used:	1.017.000_004 (64-bit)
Main class:	project.orgtech.StartApplication
Add classpath:	C:\qwe\javafx.base.jar
Add classpath:	C:\qwe\javafx.controls.jar
Add classpath:	C:\qwe\javafx.fxml.jar
Add classpath:	C:\qwe\javafx.graphics.jar
Add classpath:	C:\qwe\javafx.media.jar
Add classpath:	C:\qwe\javafx.swing.jar
Add classpath:	C:\qwe\javafx.web.jar
Launcher:	C:\Program Files\Java\jdk-17.0.4.1\bin\javaw.exe
Launcher args:	--module-path "?:\qwe" --add-modules=javafx.controls,javafx.fxml -classpath "A:\Diplom\Org-Tech.exe;C:\qwe\javafx.base.jar;C:\qwe\javafx.controls.jar;C:\qwe\javafx.fxml.jar;C:\qwe\javafx.graphics.jar;C:\qwe\javafx.media.jar;C:\qwe\javafx.swing.jar;C:\qwe\javafx.web.jar" project.orgtech.StartApplication
Args length:	303/32768 chars
Exit code:	0


Version:	3.50
CmdLine:	A:\Diplom\Org-Tech.exe --l4j-debug
JNI:		No
WOW64:		Yes
Working dir:	A:\Diplom\.
Requires JDK:	No
Requires 64-Bit: Yes
Java min ver:	1.008.000
Java max ver:	
JRE paths:	C:\Program Files (x86)\Java\jre-1.8
Check launcher:	C:\Program Files (x86)\Java\jre-1.8\bin\javaw.exe (OK)
Version string: 1.008.000_401 / 32-Bit (Ignore)
64-bit search:	SOFTWARE\JavaSoft\Java Runtime Environment...
64-bit search:	SOFTWARE\JavaSoft\Java Development Kit...
64-bit search:	SOFTWARE\JavaSoft\JRE...
64-bit search:	SOFTWARE\JavaSoft\JDK...
Check:		SOFTWARE\JavaSoft\JDK\17.0.4.1
Warning:	formatJavaVersion() too many parts added.
Version string: 1.017.000_004 / 64-Bit (OK)
Check launcher:	C:\Program Files\Java\jdk-17.0.4.1\bin\javaw.exe (OK)
Match:		1.017.000_004
Runtime used:	1.017.000_004 (64-bit)
Main class:	project.orgtech.StartApplication
Add classpath:	C:\qwe\javafx.base.jar
Add classpath:	C:\qwe\javafx.controls.jar
Add classpath:	C:\qwe\javafx.fxml.jar
Add classpath:	C:\qwe\javafx.graphics.jar
Add classpath:	C:\qwe\javafx.media.jar
Add classpath:	C:\qwe\javafx.swing.jar
Add classpath:	C:\qwe\javafx.web.jar
Launcher:	C:\Program Files\Java\jdk-17.0.4.1\bin\javaw.exe
Launcher args:	--module-path "?:\qwe" --add-modules=javafx.controls,javafx.fxml -classpath "A:\Diplom\Org-Tech.exe;C:\qwe\javafx.base.jar;C:\qwe\javafx.controls.jar;C:\qwe\javafx.fxml.jar;C:\qwe\javafx.graphics.jar;C:\qwe\javafx.media.jar;C:\qwe\javafx.swing.jar;C:\qwe\javafx.web.jar" project.orgtech.StartApplication
Args length:	303/32768 chars
Exit code:	0


Version:	3.50
CmdLine:	A:\Diplom\Org-Tech.exe --l4j-debug
JNI:		No
WOW64:		Yes
Working dir:	A:\Diplom\.
Requires JDK:	No
Requires 64-Bit: Yes
Java min ver:	1.008.000
Java max ver:	
JRE paths:	C:\Program Files (x86)\Java\jre-1.8
Check launcher:	C:\Program Files (x86)\Java\jre-1.8\bin\javaw.exe (OK)
Version string: 1.008.000_401 / 32-Bit (Ignore)
64-bit search:	SOFTWARE\JavaSoft\Java Runtime Environment...
64-bit search:	SOFTWARE\JavaSoft\Java Development Kit...
64-bit search:	SOFTWARE\JavaSoft\JRE...
64-bit search:	SOFTWARE\JavaSoft\JDK...
Check:		SOFTWARE\JavaSoft\JDK\17.0.4.1
Warning:	formatJavaVersion() too many parts added.
Version string: 1.017.000_004 / 64-Bit (OK)
Check launcher:	C:\Program Files\Java\jdk-17.0.4.1\bin\javaw.exe (OK)
Match:		1.017.000_004
Runtime used:	1.017.000_004 (64-bit)
Main class:	project.orgtech.StartApplication
Add classpath:	C:\qwe\javafx.base.jar
Add classpath:	C:\qwe\javafx.controls.jar
Add classpath:	C:\qwe\javafx.fxml.jar
Add classpath:	C:\qwe\javafx.graphics.jar
Add classpath:	C:\qwe\javafx.media.jar
Add classpath:	C:\qwe\javafx.swing.jar
Add classpath:	C:\qwe\javafx.web.jar
Launcher:	C:\Program Files\Java\jdk-17.0.4.1\bin\javaw.exe
Launcher args:	-Dprism.order=sw -Dprism.verbose=true -Dprism.forceGPU=true -Djavafx.platform=win -Djava.library.path="A:\Diplom\qwe\bin" --module-path "A:\Diplom\qwe" --add-modules=javafx.controls,javafx.fxml -classpath "A:\Diplom\Org-Tech.exe;C:\qwe\javafx.base.jar;C:\qwe\javafx.controls.jar;C:\qwe\javafx.fxml.jar;C:\qwe\javafx.graphics.jar;C:\qwe\javafx.media.jar;C:\qwe\javafx.swing.jar;C:\qwe\javafx.web.jar" project.orgtech.StartApplication
Args length:	432/32768 chars
Exit code:	0
